<?xml version="1.0" encoding="UTF-8"?>
<!-- Generated by org.testng.reporters.JUnitReportReporter -->
<testsuite hostname="del1-lhp-n77322" failures="0" tests="3" name="testngdemo.MyApplication2" time="19.576" errors="0" timestamp="2024-01-12T12:47:49 IST" skipped="0">
  <testcase classname="testngdemo.MyApplication2" name="logoutApp" time="9.942"/>
  <testcase classname="testngdemo.MyApplication2" name="startApp" time="7.436"/>
  <testcase classname="testngdemo.MyApplication2" name="loginApp" time="2.198"/>
</testsuite> <!-- testngdemo.MyApplication2 -->
